<?xml version="1.0" encoding="UTF-8"?>
<testng-results skipped="0" failed="0" total="1" passed="1">
  <reporter-output>
  </reporter-output>
  <suite name="Default suite" duration-ms="3593" started-at="2017-12-22T11:35:00Z" finished-at="2017-12-22T11:35:03Z">
    <groups>
    </groups>
    <test name="Default test" duration-ms="3593" started-at="2017-12-22T11:35:00Z" finished-at="2017-12-22T11:35:03Z">
      <class name="APITesting.com.org.api.LineNumberGetRequest">
        <test-method status="PASS" signature="defaultValue_post_request()[pri:0, instance:APITesting.com.org.api.LineNumberGetRequest@29ee9faa]" name="defaultValue_post_request" duration-ms="3540" started-at="2017-12-22T11:35:00Z" finished-at="2017-12-22T11:35:03Z">
          <reporter-output>
          </reporter-output>
        </test-method> <!-- defaultValue_post_request -->
      </class> <!-- APITesting.com.org.api.LineNumberGetRequest -->
    </test> <!-- Default test -->
  </suite> <!-- Default suite -->
</testng-results>
